Arguments: 
  /Users/travisbumgarner/.nvm/versions/node/v20.3.0/bin/node /Users/travisbumgarner/.nvm/versions/node/v20.3.0/bin/yarn add concurrently

PATH: 
  /Users/travisbumgarner/Programming/Plotter-Explorations/bought-a-plotter/bought-a-plotter/bin:/Users/travisbumgarner/Downloads/google-cloud-sdk/bin:/Users/travisbumgarner/.nvm/versions/node/v20.3.0/bin:/opt/homebrew/bin:/opt/homebrew/sbin:/usr/local/bin:/usr/bin:/bin:/usr/sbin:/sbin:/Users/travisbumgarner/Downloads/google-cloud-sdk/bin:/Users/travisbumgarner/.nvm/versions/node/v20.3.0/bin:/opt/homebrew/bin:/opt/homebrew/sbin

Yarn version: 
  1.22.19

Node version: 
  20.3.0

Platform: 
  darwin arm64

Trace: 
  SyntaxError: /Users/travisbumgarner/Programming/Plotter-Explorations/bought-a-plotter/5_chat_and_plot/package.json: Expected ':' after property name in JSON at position 91
      at JSON.parse (<anonymous>)
      at /Users/travisbumgarner/.nvm/versions/node/v20.3.0/lib/node_modules/yarn/lib/cli.js:1629:59
      at Generator.next (<anonymous>)
      at step (/Users/travisbumgarner/.nvm/versions/node/v20.3.0/lib/node_modules/yarn/lib/cli.js:310:30)
      at /Users/travisbumgarner/.nvm/versions/node/v20.3.0/lib/node_modules/yarn/lib/cli.js:321:13

npm manifest: 
  {
    "devDependencies": {
      "@types/node": "^20.3.1"
    },
    "scripts": {
      "concurre"
    }
  }

yarn manifest: 
  No manifest

Lockfile: 
  # THIS IS AN AUTOGENERATED FILE. DO NOT EDIT THIS FILE DIRECTLY.
  # yarn lockfile v1
  
  
  "@types/node@^20.3.1":
    version "20.3.1"
    resolved "https://registry.yarnpkg.com/@types/node/-/node-20.3.1.tgz#e8a83f1aa8b649377bb1fb5d7bac5cb90e784dfe"
    integrity sha512-EhcH/wvidPy1WeML3TtYFGR83UzjxeWRen9V402T8aUGYsCHOmfoisV3ZSg03gAFIbLq8TnWOJ0f4cALtnSEUg==
